[debug] [2021-07-23T09:45:54.363Z] ----------------------------------------------------------------------
[debug] [2021-07-23T09:45:54.365Z] Command:       /usr/local/bin/firebase /Users/xacaag/.cache/firebase/tools/lib/node_modules/firebase-tools/lib/bin/firebase init
[debug] [2021-07-23T09:45:54.365Z] CLI Version:   9.14.0
[debug] [2021-07-23T09:45:54.365Z] Platform:      darwin
[debug] [2021-07-23T09:45:54.365Z] Node Version:  v12.18.1
[debug] [2021-07-23T09:45:54.366Z] Time:          Fri Jul 23 2021 17:45:54 GMT+0800 (Ulaanbaatar Standard Time)
[debug] [2021-07-23T09:45:54.366Z] ----------------------------------------------------------------------
[debug] 
[debug] [2021-07-23T09:45:54.368Z] >>> [apiv2][query] GET https://firebase-public.firebaseio.com/cli.json [none]
[debug] [2021-07-23T09:45:54.378Z] > command requires scopes: ["email","openid","https://www.googleapis.com/auth/cloudplatformprojects.readonly","https://www.googleapis.com/auth/firebase","https://www.googleapis.com/auth/cloud-platform"]
[debug] [2021-07-23T09:45:54.378Z] > authorizing via signed-in user (xacaa20@gmail.com)
[info] 
     ######## #### ########  ######## ########     ###     ######  ########
     ##        ##  ##     ## ##       ##     ##  ##   ##  ##       ##
     ######    ##  ########  ######   ########  #########  ######  ######
     ##        ##  ##    ##  ##       ##     ## ##     ##       ## ##
     ##       #### ##     ## ######## ########  ##     ##  ######  ########

You're about to initialize a Firebase project in this directory:

  /Users/xacaag/Desktop/html (xacaag)

Before we get started, keep in mind:

  * You are initializing within an existing Firebase project directory

[debug] [2021-07-23T09:45:55.139Z] <<< [apiv2][status] GET https://firebase-public.firebaseio.com/cli.json 200
[debug] [2021-07-23T09:45:55.139Z] <<< [apiv2][body] GET https://firebase-public.firebaseio.com/cli.json {"cloudBuildErrorAfter":1594252800000,"cloudBuildWarnAfter":1590019200000,"defaultNode10After":1594252800000,"minVersion":"3.0.5","node8DeploysDisabledAfter":1613390400000,"node8RuntimeDisabledAfter":1615809600000,"node8WarnAfter":1600128000000}
[info] 
=== Project Setup
[info] 
[info] First, let's associate this project directory with a Firebase project.
[info] You can create multiple project aliases by running firebase use --add, 
[info] but for now we'll just set up a default project.
[info] 
[info] i  .firebaserc already has a default project, using tugofwars. 
[debug] [2021-07-23T09:46:12.152Z] > refreshing access token with scopes: []
[debug] [2021-07-23T09:46:12.152Z] >>> HTTP REQUEST POST https://www.googleapis.com/oauth2/v3/token  
 <request body omitted>
[debug] [2021-07-23T09:46:12.422Z] <<< HTTP RESPONSE 200 {"date":"Fri, 23 Jul 2021 09:46:14 GMT","pragma":"no-cache","expires":"Mon, 01 Jan 1990 00:00:00 GMT","cache-control":"no-cache, no-store, max-age=0, must-revalidate","content-type":"application/json; charset=utf-8","vary":"X-Origin, Referer, Origin,Accept-Encoding","server":"scaffolding on HTTPServer2","x-xss-protection":"0","x-frame-options":"SAMEORIGIN","x-content-type-options":"nosniff","alt-svc":"h3=\":443\"; ma=2592000,h3-29=\":443\"; ma=2592000,h3-T051=\":443\"; ma=2592000,h3-Q050=\":443\"; ma=2592000,h3-Q046=\":443\"; ma=2592000,h3-Q043=\":443\"; ma=2592000,quic=\":443\"; ma=2592000; v=\"46,43\"","accept-ranges":"none","transfer-encoding":"chunked"}
[debug] [2021-07-23T09:46:12.433Z] >>> [apiv2][query] GET https://firebase.googleapis.com/v1beta1/projects/tugofwars [none]
[debug] [2021-07-23T09:46:12.979Z] <<< [apiv2][status] GET https://firebase.googleapis.com/v1beta1/projects/tugofwars 200
[debug] [2021-07-23T09:46:12.980Z] <<< [apiv2][body] GET https://firebase.googleapis.com/v1beta1/projects/tugofwars {"projectId":"tugofwars","projectNumber":"566658997066","displayName":"tugofwars","name":"projects/tugofwars","resources":{"hostingSite":"tugofwars","storageBucket":"tugofwars.appspot.com","locationId":"asia-northeast3"},"state":"ACTIVE"}
[info] 
=== Hosting Setup
[info] 
[info] Your public directory is the folder (relative to your project directory) that
[info] will contain Hosting assets to be uploaded with firebase deploy. If you
[info] have a build process for your assets, use your build's output directory.
[info] 
[info] ✔  Wrote n/404.html 
[debug] [2021-07-23T09:46:22.014Z] >>> [apiv2][query] GET https://www.gstatic.com/firebasejs/releases.json [none]
[debug] [2021-07-23T09:46:22.211Z] <<< [apiv2][status] GET https://www.gstatic.com/firebasejs/releases.json 200
[debug] [2021-07-23T09:46:22.211Z] <<< [apiv2][body] GET https://www.gstatic.com/firebasejs/releases.json {"current":{"version":"8.8.0","browserURL":"https://www.gstatic.com/firebasejs/8.8.0/firebase.js","packageURL":"https://www.gstatic.com/firebasejs/8.8.0/firebase.tgz"},"live":{"version":"8.8","browserURL":"https://www.gstatic.com/firebasejs/live/8.8/firebase.js","packageURL":"https://www.gstatic.com/firebasejs/live/8.8/firebase.tgz"},"components":{"analytics":"https://www.gstatic.com/firebasejs/8.8.0/firebase-analytics.js","app":"https://www.gstatic.com/firebasejs/8.8.0/firebase-app.js","app-check":"https://www.gstatic.com/firebasejs/8.8.0/firebase-app-check.js","auth":"https://www.gstatic.com/firebasejs/8.8.0/firebase-auth.js","database":"https://www.gstatic.com/firebasejs/8.8.0/firebase-database.js","firestore":"https://www.gstatic.com/firebasejs/8.8.0/firebase-firestore.js","functions":"https://www.gstatic.com/firebasejs/8.8.0/firebase-functions.js","installations":"https://www.gstatic.com/firebasejs/8.8.0/firebase-installations.js","messaging":"https://www.gstatic.com/firebasejs/8.8.0/firebase-messaging.js","storage":"https://www.gstatic.com/firebasejs/8.8.0/firebase-storage.js","performance":"https://www.gstatic.com/firebasejs/8.8.0/firebase-performance.js","remote-config":"https://www.gstatic.com/firebasejs/8.8.0/firebase-remote-config.js","firestore.memory":"https://www.gstatic.com/firebasejs/8.8.0/firebase-firestore.memory.js"}}
[info] ✔  Wrote n/index.html 
[info] 
[info] i  Detected a .git folder at /Users/xacaag/Desktop/html (xacaag)/HigherLowerGame 
[info] i  Authorizing with GitHub to upload your service account to a GitHub repository's secrets store. 
[info] 
[info] Visit this URL on this device to log in:
[info] https://github.com/login/oauth/authorize?client_id=89cf50f02ac6aaed3484&state=820694857&redirect_uri=http%3A%2F%2Flocalhost%3A9005&scope=read%3Auser%20repo%20public_repo
[info] 
[info] Waiting for authentication...
[debug] [2021-07-23T09:49:31.830Z] >>> HTTP REQUEST POST https://github.com/login/oauth/access_token  
 {"client_id":"89cf50f02ac6aaed3484","client_secret":"3330d14abc895d9a74d5f17cd7a00711fa2c5bf0","code":"afae238ff476cd655b22","redirect_uri":"http://localhost:9005","state":"820694857"}
[debug] [2021-07-23T09:49:32.597Z] <<< HTTP RESPONSE 200 {"server":"GitHub.com","date":"Fri, 23 Jul 2021 09:49:34 GMT","content-type":"application/json; charset=utf-8","transfer-encoding":"chunked","vary":"X-PJAX, Accept-Encoding, Accept, X-Requested-With","permissions-policy":"interest-cohort=()","etag":"W/\"d178d4b107fa64a395e61637721df425\"","cache-control":"max-age=0, private, must-revalidate","strict-transport-security":"max-age=31536000; includeSubdomains; preload","x-frame-options":"deny","x-content-type-options":"nosniff","x-xss-protection":"0","referrer-policy":"origin-when-cross-origin, strict-origin-when-cross-origin","expect-ct":"max-age=2592000, report-uri=\"https://api.github.com/_private/browser/errors\"","content-security-policy":"default-src 'none'; base-uri 'self'; block-all-mixed-content; connect-src 'self' uploads.github.com www.githubstatus.com collector.githubapp.com api.github.com github-cloud.s3.amazonaws.com github-production-repository-file-5c1aeb.s3.amazonaws.com github-production-upload-manifest-file-7fdce7.s3.amazonaws.com github-production-user-asset-6210df.s3.amazonaws.com cdn.optimizely.com logx.optimizely.com/v1/events translator.github.com wss://alive.github.com; font-src github.githubassets.com; form-action 'self' github.com gist.github.com; frame-ancestors 'none'; frame-src render.githubusercontent.com render-temp.githubusercontent.com viewscreen.githubusercontent.com; img-src 'self' data: github.githubassets.com identicons.github.com collector.githubapp.com github-cloud.s3.amazonaws.com secured-user-images.githubusercontent.com/ *.githubusercontent.com; manifest-src 'self'; media-src 'none'; script-src github.githubassets.com; style-src 'unsafe-inline' github.githubassets.com; worker-src github.com/socket-worker-3f088aa2.js gist.github.com/socket-worker-3f088aa2.js","x-github-request-id":"F39C:0CD7:1AC229:1CE061:60FA90AE"}
[debug] [2021-07-23T09:49:32.604Z] >>> [apiv2][query] GET https://api.github.com/user [none]
[debug] [2021-07-23T09:49:33.476Z] <<< [apiv2][status] GET https://api.github.com/user 200
[debug] [2021-07-23T09:49:33.476Z] <<< [apiv2][body] GET https://api.github.com/user {"login":"xacaag","id":87753283,"node_id":"MDQ6VXNlcjg3NzUzMjgz","avatar_url":"https://avatars.githubusercontent.com/u/87753283?v=4","gravatar_id":"","url":"https://api.github.com/users/xacaag","html_url":"https://github.com/xacaag","followers_url":"https://api.github.com/users/xacaag/followers","following_url":"https://api.github.com/users/xacaag/following{/other_user}","gists_url":"https://api.github.com/users/xacaag/gists{/gist_id}","starred_url":"https://api.github.com/users/xacaag/starred{/owner}{/repo}","subscriptions_url":"https://api.github.com/users/xacaag/subscriptions","organizations_url":"https://api.github.com/users/xacaag/orgs","repos_url":"https://api.github.com/users/xacaag/repos","events_url":"https://api.github.com/users/xacaag/events{/privacy}","received_events_url":"https://api.github.com/users/xacaag/received_events","type":"User","site_admin":false,"name":"Khasaa Ganbat","company":null,"blog":"","location":null,"email":null,"hireable":null,"bio":null,"twitter_username":null,"public_repos":1,"public_gists":0,"followers":0,"following":0,"created_at":"2021-07-21T08:11:53Z","updated_at":"2021-07-23T09:49:31Z","private_gists":0,"total_private_repos":0,"owned_private_repos":0,"disk_usage":9,"collaborators":0,"two_factor_authentication":false,"plan":{"name":"free","space":976562499,"collaborators":0,"private_repos":10000}}
[info] 
[info] ✔  Success! Logged into GitHub as xacaag 
[info] 
[debug] [2021-07-23T09:50:32.616Z] >>> [apiv2][query] GET https://api.github.com/repos/git push/actions/secrets/public-key type=owner
[debug] [2021-07-23T09:50:33.383Z] <<< [apiv2][status] GET https://api.github.com/repos/git push/actions/secrets/public-key 404
[debug] [2021-07-23T09:50:33.383Z] <<< [apiv2][body] GET https://api.github.com/repos/git push/actions/secrets/public-key {"message":"Not Found","documentation_url":"https://docs.github.com/rest"}
[debug] [2021-07-23T09:50:44.044Z] >>> [apiv2][query] GET https://api.github.com/repos/git add ./actions/secrets/public-key type=owner
[debug] [2021-07-23T09:50:44.693Z] <<< [apiv2][status] GET https://api.github.com/repos/git add ./actions/secrets/public-key 404
[debug] [2021-07-23T09:50:44.693Z] <<< [apiv2][body] GET https://api.github.com/repos/git add ./actions/secrets/public-key {"message":"Not Found","documentation_url":"https://docs.github.com/rest"}
